>>>>>>>>>>>>>>>>>>>>>>>>>>> USER: root pts/101 2015-02-19 15:00 (217.139.224.33) <<<<<<<<<<<<<<<<<<<<<<<<<<<<<<
----------------------------------------------------------------------------------------------------------------



########################## Configuration for [mvpn : 217.139.253.22]
# TIME STAMP: Thu Feb 19 15:01:29 EET 2015
########################################################################

spawn telnet 217.139.253.22
Trying 217.139.253.22...
Connected to 217.139.253.22.
Escape character is '^]'.

CC                     
                  ***                   
         * *      ***      * *          
       ** *                 * **        
      ** *                   * **       
     ** **  *             *  ** **      
     ** **  *             *  **  **     
    **  **   *           **  **  **     
    **  **    **       ***   **  ***    
    **   ***   *********    ***  ***    
    ***  ****             ****  ****    
    ***    ****          ****   ***     
    ****    ***************    ****     
     *****     *********     *****      
      ******               ******       
       ********         ********        
         *********************          
           *****************            
               *********              

**      *    ****        ****    ********          
***     *  ***  ***    ***  ***  **     **     
*  **   * **      **  **      ** **     **           
*   **  * **      **  **      ** *******             
*    ****  **    **    **    **  **    **            
*      **   ******      ******   **     **


User Access Verification

Username: mashraf
Password: 

mvpn.rams.ca.asr1#
mvpn.rams.ca.asr1#
mvpn.rams.ca.asr1#show int desc | i kfc
mvpn.rams.ca.asr1#
mvpn.rams.ca.asr1#

